<?xml version="1.0" encoding="UTF-8"?>
<!-- Generated by org.testng.reporters.JUnitReportReporter -->
<testsuite skipped="0" hostname="DESKTOP-FRITH18" name="gitInt.TestCase01" tests="1" failures="0" timestamp="15 Jul 2018 14:44:36 GMT" time="11.455" errors="0">
  <testcase name="TC01" time="11.455" classname="gitInt.TestCase01"/>
</testsuite> <!-- gitInt.TestCase01 -->
